<?xml version="1.0" encoding="UTF-8"?>
<!-- Generated by org.testng.reporters.JUnitReportReporter -->
<testsuite hostname="lin80031034" failures="0" tests="5" name="runners.TestRunner" time="137.638" errors="0" timestamp="2023-02-22T16:25:05 IST" skipped="0">
  <testcase classname="runners.TestRunner" name="runScenario" time="39.761"/>
  <system-out/>
  <testcase classname="runners.TestRunner" name="runScenario" time="14.051"/>
  <system-out/>
  <testcase classname="runners.TestRunner" name="runScenario" time="32.842"/>
  <system-out/>
  <testcase classname="runners.TestRunner" name="runScenario" time="22.060"/>
  <system-out/>
  <testcase classname="runners.TestRunner" name="runScenario" time="28.924"/>
  <system-out/>
</testsuite> <!-- runners.TestRunner -->
