<?xml version="1.0" encoding="UTF-8"?>
<!-- Generated by org.testng.reporters.JUnitReportReporter -->
<testsuite hostname="lin80031034" failures="0" tests="5" name="runners.TestRunner" time="422.786" errors="0" timestamp="2023-02-23T15:15:41 IST" skipped="0">
  <testcase classname="runners.TestRunner" name="runScenario" time="74.230"/>
  <system-out/>
  <testcase classname="runners.TestRunner" name="runScenario" time="43.113"/>
  <system-out/>
  <testcase classname="runners.TestRunner" name="runScenario" time="56.822"/>
  <system-out/>
  <testcase classname="runners.TestRunner" name="runScenario" time="232.737"/>
  <system-out/>
  <testcase classname="runners.TestRunner" name="runScenario" time="15.884"/>
  <system-out/>
</testsuite> <!-- runners.TestRunner -->
