<?xml version="1.0" encoding="UTF-8"?>
<!-- Generated by org.testng.reporters.JUnitReportReporter -->
<testsuite hostname="lin80031034" failures="0" tests="5" name="runners.TestRunner" time="138.139" errors="0" timestamp="2023-02-26T19:22:05 IST" skipped="0">
  <testcase classname="runners.TestRunner" name="runScenario" time="10.778"/>
  <system-out/>
  <testcase classname="runners.TestRunner" name="runScenario" time="30.674"/>
  <system-out/>
  <testcase classname="runners.TestRunner" name="runScenario" time="38.602"/>
  <system-out/>
  <testcase classname="runners.TestRunner" name="runScenario" time="34.704"/>
  <system-out/>
  <testcase classname="runners.TestRunner" name="runScenario" time="23.381"/>
  <system-out/>
</testsuite> <!-- runners.TestRunner -->
