<?xml version="1.0" encoding="UTF-8"?>
<!-- Generated by org.testng.reporters.JUnitReportReporter -->
<testsuite hostname="lin80031034" failures="0" tests="5" name="runners.TestRunner" time="121.275" errors="0" timestamp="2023-02-26T20:56:09 IST" skipped="0">
  <testcase classname="runners.TestRunner" name="runScenario" time="20.759"/>
  <system-out/>
  <testcase classname="runners.TestRunner" name="runScenario" time="26.511"/>
  <system-out/>
  <testcase classname="runners.TestRunner" name="runScenario" time="32.351"/>
  <system-out/>
  <testcase classname="runners.TestRunner" name="runScenario" time="9.949"/>
  <system-out/>
  <testcase classname="runners.TestRunner" name="runScenario" time="31.705"/>
  <system-out/>
</testsuite> <!-- runners.TestRunner -->
