<?xml version="1.0" encoding="UTF-8"?>
<!-- Generated by org.testng.reporters.JUnitReportReporter -->
<testsuite hostname="lin80031034" failures="0" tests="5" name="runners.TestRunner" time="249.926" errors="0" timestamp="2023-02-24T16:03:46 IST" skipped="0">
  <testcase classname="runners.TestRunner" name="runScenario" time="24.012"/>
  <system-out/>
  <testcase classname="runners.TestRunner" name="runScenario" time="89.561"/>
  <system-out/>
  <testcase classname="runners.TestRunner" name="runScenario" time="40.515"/>
  <system-out/>
  <testcase classname="runners.TestRunner" name="runScenario" time="42.095"/>
  <system-out/>
  <testcase classname="runners.TestRunner" name="runScenario" time="53.743"/>
  <system-out/>
</testsuite> <!-- runners.TestRunner -->
