<?xml version="1.0" encoding="UTF-8"?>
<!-- Generated by org.testng.reporters.JUnitReportReporter -->
<testsuite hostname="lin80031034" failures="0" tests="5" name="runners.TestRunner" time="844.663" errors="0" timestamp="2023-02-25T11:21:16 IST" skipped="0">
  <testcase classname="runners.TestRunner" name="runScenario" time="256.514"/>
  <system-out/>
  <testcase classname="runners.TestRunner" name="runScenario" time="227.757"/>
  <system-out/>
  <testcase classname="runners.TestRunner" name="runScenario" time="262.406"/>
  <system-out/>
  <testcase classname="runners.TestRunner" name="runScenario" time="27.624"/>
  <system-out/>
  <testcase classname="runners.TestRunner" name="runScenario" time="70.362"/>
  <system-out/>
</testsuite> <!-- runners.TestRunner -->
