<?xml version="1.0" encoding="UTF-8"?>
<!-- Generated by org.testng.reporters.JUnitReportReporter -->
<testsuite hostname="lin80031034" failures="0" tests="5" name="runners.TestRunner" time="330.548" errors="0" timestamp="2023-02-26T20:24:50 IST" skipped="0">
  <testcase classname="runners.TestRunner" name="runScenario" time="53.029"/>
  <system-out/>
  <testcase classname="runners.TestRunner" name="runScenario" time="126.030"/>
  <system-out/>
  <testcase classname="runners.TestRunner" name="runScenario" time="34.290"/>
  <system-out/>
  <testcase classname="runners.TestRunner" name="runScenario" time="16.179"/>
  <system-out/>
  <testcase classname="runners.TestRunner" name="runScenario" time="101.020"/>
  <system-out/>
</testsuite> <!-- runners.TestRunner -->
